SF:lib/core/errors/exceptions.dart
DA:4,2
DA:9,1
DA:10,3
LF:3
LH:3
end_of_record
SF:lib/core/errors/failure.dart
DA:4,3
DA:6,8
DA:7,2
DA:13,1
DA:14,5
DA:16,2
DA:17,6
DA:21,3
LF:8
LH:8
end_of_record
SF:lib/core/usecases/usecases.dart
DA:5,1
LF:1
LH:1
end_of_record
SF:lib/src/home/data/datasources/absence_local_data_source.dart
DA:10,0
DA:17,1
DA:18,2
DA:20,1
DA:23,1
DA:24,2
DA:26,1
DA:27,2
DA:29,1
DA:30,1
DA:31,3
DA:32,1
DA:33,1
DA:37,2
DA:40,1
DA:42,1
DA:48,4
DA:49,1
DA:51,0
LF:19
LH:17
end_of_record
SF:lib/src/home/data/model/absence_model.dart
DA:4,2
DA:22,1
DA:23,0
DA:41,2
DA:45,2
DA:46,2
DA:47,2
DA:48,2
DA:49,2
DA:50,2
DA:51,2
DA:52,2
DA:53,2
DA:54,2
DA:55,2
DA:57,2
DA:58,2
DA:59,3
DA:60,3
DA:61,2
DA:65,1
DA:66,1
DA:67,1
DA:68,1
DA:69,1
DA:70,1
DA:71,1
DA:72,1
DA:73,1
DA:74,1
DA:75,1
DA:76,1
DA:77,1
DA:78,1
DA:79,1
DA:80,1
DA:81,1
DA:85,1
DA:86,1
DA:87,1
DA:88,1
DA:89,1
DA:90,1
DA:91,1
DA:92,1
DA:93,1
DA:94,1
DA:95,1
DA:96,1
DA:97,1
DA:98,1
DA:99,1
DA:100,1
DA:101,1
DA:105,1
DA:122,1
DA:123,0
DA:124,1
DA:125,1
DA:126,1
DA:127,1
DA:128,1
DA:129,1
DA:130,1
DA:131,1
DA:132,1
DA:133,1
DA:134,1
DA:135,1
DA:136,1
DA:137,1
LF:71
LH:69
end_of_record
SF:lib/src/home/domain/entities/absence.dart
DA:20,5
DA:38,3
DA:39,9
LF:3
LH:3
end_of_record
SF:lib/src/home/data/repos/absence_repository_implementation.dart
DA:13,1
DA:17,1
DA:20,2
DA:21,1
DA:22,1
DA:23,4
LF:6
LH:6
end_of_record
SF:lib/src/home/domain/repos/absence_repository.dart
DA:7,0
LF:1
LH:0
end_of_record
SF:lib/src/home/data/model/member_model.dart
DA:4,1
DA:12,1
DA:13,0
DA:15,1
DA:16,1
DA:17,1
DA:18,1
DA:19,1
DA:20,1
DA:21,1
DA:25,1
DA:26,1
DA:27,1
DA:28,1
DA:29,1
DA:30,1
DA:31,1
DA:35,1
DA:42,1
DA:43,0
DA:44,1
DA:45,1
DA:46,1
DA:47,1
LF:24
LH:22
end_of_record
SF:lib/src/home/domain/entities/member.dart
DA:10,2
DA:18,1
DA:19,3
LF:3
LH:3
end_of_record
SF:lib/src/home/domain/usecases/get_absences.dart
DA:10,1
DA:14,1
DA:15,2
LF:3
LH:3
end_of_record
SF:lib/src/home/presentation/bloc/absences_event.dart
DA:4,3
DA:6,0
DA:7,0
DA:11,3
DA:15,1
DA:19,2
DA:27,1
DA:29,1
DA:30,4
DA:34,2
DA:38,2
DA:44,2
DA:46,1
DA:47,2
LF:14
LH:12
end_of_record
SF:lib/src/home/presentation/bloc/absences_state.dart
DA:4,7
DA:6,2
DA:7,2
DA:11,5
DA:15,6
DA:19,3
DA:35,2
DA:36,8
DA:40,6
DA:44,2
DA:45,4
DA:49,1
DA:53,1
DA:57,5
DA:63,2
DA:67,2
DA:71,2
DA:72,4
DA:83,3
DA:91,2
DA:92,2
DA:93,2
DA:94,2
DA:95,2
DA:96,2
LF:25
LH:25
end_of_record
SF:lib/src/home/presentation/bloc/absences_bloc.dart
DA:13,1
DA:15,1
DA:16,2
DA:17,2
DA:18,2
DA:19,2
DA:20,2
DA:21,2
DA:22,2
DA:36,1
DA:40,3
DA:43,1
DA:47,3
DA:50,1
DA:54,1
DA:57,1
DA:61,1
DA:62,1
DA:63,1
DA:64,1
DA:65,1
DA:66,2
DA:67,4
DA:68,1
DA:69,1
DA:70,1
DA:71,1
DA:72,1
DA:73,1
DA:74,1
DA:79,1
DA:83,1
DA:84,1
DA:85,1
DA:87,2
DA:89,1
DA:90,1
DA:91,1
DA:92,1
DA:93,1
DA:94,4
DA:95,4
DA:96,2
DA:97,1
DA:98,1
DA:99,1
DA:100,1
DA:101,1
DA:102,1
DA:103,1
DA:104,1
DA:111,0
DA:115,0
DA:116,0
DA:117,0
DA:118,0
DA:119,0
DA:121,0
DA:122,0
DA:124,0
DA:127,0
DA:128,0
DA:129,0
DA:130,0
DA:131,0
DA:132,0
DA:133,0
DA:134,0
DA:135,0
DA:136,0
DA:142,0
DA:146,0
DA:147,0
DA:148,0
DA:149,0
DA:150,0
DA:153,0
DA:154,0
DA:155,0
DA:156,0
DA:157,0
DA:158,0
DA:160,0
DA:164,0
DA:165,0
DA:166,0
DA:168,0
DA:171,0
DA:172,0
DA:173,0
DA:174,0
DA:175,0
DA:178,0
DA:180,0
DA:181,0
DA:184,0
DA:185,0
DA:187,0
DA:188,0
DA:191,0
DA:194,0
DA:195,0
DA:196,0
DA:197,0
DA:198,0
DA:199,0
DA:200,0
DA:201,0
DA:202,0
LF:109
LH:51
end_of_record
